

Started GET "/" for ::1 at 2016-03-24 17:00:18 -0400
Processing by Rails::WelcomeController#index as HTML
  Rendered /Users/spencer/.rbenv/versions/2.2.1/lib/ruby/gems/2.2.0/gems/railties-4.2.6/lib/rails/templates/rails/welcome/index.html.erb (2.3ms)
Completed 200 OK in 25ms (Views: 14.8ms | ActiveRecord: 0.0ms)


Started GET "/" for ::1 at 2016-03-24 17:01:30 -0400
Processing by Rails::WelcomeController#index as HTML
  Rendered /Users/spencer/.rbenv/versions/2.2.1/lib/ruby/gems/2.2.0/gems/railties-4.2.6/lib/rails/templates/rails/welcome/index.html.erb (1.1ms)
Completed 200 OK in 18ms (Views: 8.5ms | ActiveRecord: 0.0ms)


Started GET "/" for ::1 at 2016-03-25 16:20:17 -0400
Processing by PagesController#index as HTML
  Rendered pages/index.html.erb within layouts/application (1.4ms)
Completed 200 OK in 1697ms (Views: 1696.2ms | ActiveRecord: 0.0ms)


Started GET "/assets/pages.self-e3b0c44298fc1c149afbf4c8996fb92427ae41e4649b934ca495991b7852b855.css?body=1" for ::1 at 2016-03-25 16:20:19 -0400


Started GET "/assets/application.self-e80e8f2318043e8af94dddc2adad5a4f09739a8ebb323b3ab31cd71d45fd9113.css?body=1" for ::1 at 2016-03-25 16:20:19 -0400


Started GET "/assets/jquery.self-660adc51e0224b731d29f575a6f1ec167ba08ad06ed5deca4f1e8654c135bf4c.js?body=1" for ::1 at 2016-03-25 16:20:19 -0400


Started GET "/assets/jquery_ujs.self-e87806d0cf4489aeb1bb7288016024e8de67fd18db693fe026fe3907581e53cd.js?body=1" for ::1 at 2016-03-25 16:20:19 -0400


Started GET "/assets/turbolinks.self-c37727e9bd6b2735da5c311aa83fead54ed0be6cc8bd9a65309e9c5abe2cbfff.js?body=1" for ::1 at 2016-03-25 16:20:19 -0400


Started GET "/assets/pages.self-877aef30ae1b040ab8a3aba4e3e309a11d7f2612f44dde450b5c157aa5f95c05.js?body=1" for ::1 at 2016-03-25 16:20:19 -0400


Started GET "/assets/application.self-3b8dabdc891efe46b9a144b400ad69e37d7e5876bdc39dee783419a69d7ca819.js?body=1" for ::1 at 2016-03-25 16:20:19 -0400


Started GET "/" for ::1 at 2016-03-25 16:21:23 -0400
Processing by PagesController#index as HTML
  Rendered pages/index.html.erb within layouts/application (0.0ms)
Completed 200 OK in 29ms (Views: 27.2ms | ActiveRecord: 0.0ms)


Started GET "/assets/pages.self-e3b0c44298fc1c149afbf4c8996fb92427ae41e4649b934ca495991b7852b855.css?body=1" for ::1 at 2016-03-25 16:21:23 -0400


Started GET "/assets/application.self-e80e8f2318043e8af94dddc2adad5a4f09739a8ebb323b3ab31cd71d45fd9113.css?body=1" for ::1 at 2016-03-25 16:21:23 -0400


Started GET "/assets/application.self-3b8dabdc891efe46b9a144b400ad69e37d7e5876bdc39dee783419a69d7ca819.js?body=1" for ::1 at 2016-03-25 16:21:23 -0400


Started GET "/assets/jquery_ujs.self-e87806d0cf4489aeb1bb7288016024e8de67fd18db693fe026fe3907581e53cd.js?body=1" for ::1 at 2016-03-25 16:21:23 -0400


Started GET "/assets/jquery.self-660adc51e0224b731d29f575a6f1ec167ba08ad06ed5deca4f1e8654c135bf4c.js?body=1" for ::1 at 2016-03-25 16:21:23 -0400


Started GET "/assets/turbolinks.self-c37727e9bd6b2735da5c311aa83fead54ed0be6cc8bd9a65309e9c5abe2cbfff.js?body=1" for ::1 at 2016-03-25 16:21:23 -0400


Started GET "/assets/pages.self-877aef30ae1b040ab8a3aba4e3e309a11d7f2612f44dde450b5c157aa5f95c05.js?body=1" for ::1 at 2016-03-25 16:21:23 -0400


Started GET "/home" for ::1 at 2016-03-25 16:21:25 -0400

ActionController::RoutingError (No route matches [GET] "/home"):
  actionpack (4.2.6) lib/action_dispatch/middleware/debug_exceptions.rb:21:in `call'
  web-console (2.3.0) lib/web_console/middleware.rb:28:in `block in call'
  web-console (2.3.0) lib/web_console/middleware.rb:18:in `catch'
  web-console (2.3.0) lib/web_console/middleware.rb:18:in `call'
  actionpack (4.2.6) lib/action_dispatch/middleware/show_exceptions.rb:30:in `call'
  railties (4.2.6) lib/rails/rack/logger.rb:38:in `call_app'
  railties (4.2.6) lib/rails/rack/logger.rb:20:in `block in call'
  activesupport (4.2.6) lib/active_support/tagged_logging.rb:68:in `block in tagged'
  activesupport (4.2.6) lib/active_support/tagged_logging.rb:26:in `tagged'
  activesupport (4.2.6) lib/active_support/tagged_logging.rb:68:in `tagged'
  railties (4.2.6) lib/rails/rack/logger.rb:20:in `call'
  actionpack (4.2.6) lib/action_dispatch/middleware/request_id.rb:21:in `call'
  rack (1.6.4) lib/rack/methodoverride.rb:22:in `call'
  rack (1.6.4) lib/rack/runtime.rb:18:in `call'
  activesupport (4.2.6) lib/active_support/cache/strategy/local_cache_middleware.rb:28:in `call'
  rack (1.6.4) lib/rack/lock.rb:17:in `call'
  actionpack (4.2.6) lib/action_dispatch/middleware/static.rb:120:in `call'
  rack (1.6.4) lib/rack/sendfile.rb:113:in `call'
  railties (4.2.6) lib/rails/engine.rb:518:in `call'
  railties (4.2.6) lib/rails/application.rb:165:in `call'
  rack (1.6.4) lib/rack/lock.rb:17:in `call'
  rack (1.6.4) lib/rack/content_length.rb:15:in `call'
  rack (1.6.4) lib/rack/handler/webrick.rb:88:in `service'
  /Users/spencer/.rbenv/versions/2.2.1/lib/ruby/2.2.0/webrick/httpserver.rb:138:in `service'
  /Users/spencer/.rbenv/versions/2.2.1/lib/ruby/2.2.0/webrick/httpserver.rb:94:in `run'
  /Users/spencer/.rbenv/versions/2.2.1/lib/ruby/2.2.0/webrick/server.rb:294:in `block in start_thread'


  Rendered /Users/spencer/.rbenv/versions/2.2.1/lib/ruby/gems/2.2.0/gems/actionpack-4.2.6/lib/action_dispatch/middleware/templates/rescues/_trace.html.erb (1.8ms)
  Rendered /Users/spencer/.rbenv/versions/2.2.1/lib/ruby/gems/2.2.0/gems/actionpack-4.2.6/lib/action_dispatch/middleware/templates/routes/_route.html.erb (1.2ms)
  Rendered /Users/spencer/.rbenv/versions/2.2.1/lib/ruby/gems/2.2.0/gems/actionpack-4.2.6/lib/action_dispatch/middleware/templates/routes/_table.html.erb (16.0ms)
  Rendered /Users/spencer/.rbenv/versions/2.2.1/lib/ruby/gems/2.2.0/gems/actionpack-4.2.6/lib/action_dispatch/middleware/templates/rescues/_request_and_response.html.erb (2.5ms)
  Rendered /Users/spencer/.rbenv/versions/2.2.1/lib/ruby/gems/2.2.0/gems/actionpack-4.2.6/lib/action_dispatch/middleware/templates/rescues/routing_error.html.erb within rescues/layout (114.0ms)
  Rendered /Users/spencer/.rbenv/versions/2.2.1/lib/ruby/gems/2.2.0/gems/web-console-2.3.0/lib/web_console/templates/_markup.html.erb (0.6ms)
  Rendered /Users/spencer/.rbenv/versions/2.2.1/lib/ruby/gems/2.2.0/gems/web-console-2.3.0/lib/web_console/templates/_inner_console_markup.html.erb within layouts/inlined_string (0.4ms)
  Rendered /Users/spencer/.rbenv/versions/2.2.1/lib/ruby/gems/2.2.0/gems/web-console-2.3.0/lib/web_console/templates/_prompt_box_markup.html.erb within layouts/inlined_string (0.6ms)
  Rendered /Users/spencer/.rbenv/versions/2.2.1/lib/ruby/gems/2.2.0/gems/web-console-2.3.0/lib/web_console/templates/style.css.erb within layouts/inlined_string (0.4ms)
  Rendered /Users/spencer/.rbenv/versions/2.2.1/lib/ruby/gems/2.2.0/gems/web-console-2.3.0/lib/web_console/templates/console.js.erb within layouts/javascript (77.8ms)
  Rendered /Users/spencer/.rbenv/versions/2.2.1/lib/ruby/gems/2.2.0/gems/web-console-2.3.0/lib/web_console/templates/main.js.erb within layouts/javascript (0.4ms)
  Rendered /Users/spencer/.rbenv/versions/2.2.1/lib/ruby/gems/2.2.0/gems/web-console-2.3.0/lib/web_console/templates/error_page.js.erb within layouts/javascript (0.6ms)
  Rendered /Users/spencer/.rbenv/versions/2.2.1/lib/ruby/gems/2.2.0/gems/web-console-2.3.0/lib/web_console/templates/index.html.erb (158.9ms)


Started GET "/pages/home" for ::1 at 2016-03-25 16:21:54 -0400
Processing by PagesController#home as HTML
  Rendered pages/home.html.erb within layouts/application (0.5ms)
Completed 200 OK in 18ms (Views: 17.6ms | ActiveRecord: 0.0ms)


Started GET "/home" for ::1 at 2016-03-25 16:21:58 -0400

ActionController::RoutingError (No route matches [GET] "/home"):
  actionpack (4.2.6) lib/action_dispatch/middleware/debug_exceptions.rb:21:in `call'
  web-console (2.3.0) lib/web_console/middleware.rb:28:in `block in call'
  web-console (2.3.0) lib/web_console/middleware.rb:18:in `catch'
  web-console (2.3.0) lib/web_console/middleware.rb:18:in `call'
  actionpack (4.2.6) lib/action_dispatch/middleware/show_exceptions.rb:30:in `call'
  railties (4.2.6) lib/rails/rack/logger.rb:38:in `call_app'
  railties (4.2.6) lib/rails/rack/logger.rb:20:in `block in call'
  activesupport (4.2.6) lib/active_support/tagged_logging.rb:68:in `block in tagged'
  activesupport (4.2.6) lib/active_support/tagged_logging.rb:26:in `tagged'
  activesupport (4.2.6) lib/active_support/tagged_logging.rb:68:in `tagged'
  railties (4.2.6) lib/rails/rack/logger.rb:20:in `call'
  actionpack (4.2.6) lib/action_dispatch/middleware/request_id.rb:21:in `call'
  rack (1.6.4) lib/rack/methodoverride.rb:22:in `call'
  rack (1.6.4) lib/rack/runtime.rb:18:in `call'
  activesupport (4.2.6) lib/active_support/cache/strategy/local_cache_middleware.rb:28:in `call'
  rack (1.6.4) lib/rack/lock.rb:17:in `call'
  actionpack (4.2.6) lib/action_dispatch/middleware/static.rb:120:in `call'
  rack (1.6.4) lib/rack/sendfile.rb:113:in `call'
  railties (4.2.6) lib/rails/engine.rb:518:in `call'
  railties (4.2.6) lib/rails/application.rb:165:in `call'
  rack (1.6.4) lib/rack/lock.rb:17:in `call'
  rack (1.6.4) lib/rack/content_length.rb:15:in `call'
  rack (1.6.4) lib/rack/handler/webrick.rb:88:in `service'
  /Users/spencer/.rbenv/versions/2.2.1/lib/ruby/2.2.0/webrick/httpserver.rb:138:in `service'
  /Users/spencer/.rbenv/versions/2.2.1/lib/ruby/2.2.0/webrick/httpserver.rb:94:in `run'
  /Users/spencer/.rbenv/versions/2.2.1/lib/ruby/2.2.0/webrick/server.rb:294:in `block in start_thread'


  Rendered /Users/spencer/.rbenv/versions/2.2.1/lib/ruby/gems/2.2.0/gems/actionpack-4.2.6/lib/action_dispatch/middleware/templates/rescues/_trace.html.erb (1.5ms)
  Rendered /Users/spencer/.rbenv/versions/2.2.1/lib/ruby/gems/2.2.0/gems/actionpack-4.2.6/lib/action_dispatch/middleware/templates/routes/_route.html.erb (1.2ms)
  Rendered /Users/spencer/.rbenv/versions/2.2.1/lib/ruby/gems/2.2.0/gems/actionpack-4.2.6/lib/action_dispatch/middleware/templates/routes/_table.html.erb (2.9ms)
  Rendered /Users/spencer/.rbenv/versions/2.2.1/lib/ruby/gems/2.2.0/gems/actionpack-4.2.6/lib/action_dispatch/middleware/templates/rescues/_request_and_response.html.erb (1.3ms)
  Rendered /Users/spencer/.rbenv/versions/2.2.1/lib/ruby/gems/2.2.0/gems/actionpack-4.2.6/lib/action_dispatch/middleware/templates/rescues/routing_error.html.erb within rescues/layout (78.6ms)
  Rendered /Users/spencer/.rbenv/versions/2.2.1/lib/ruby/gems/2.2.0/gems/web-console-2.3.0/lib/web_console/templates/_markup.html.erb (0.5ms)
  Rendered /Users/spencer/.rbenv/versions/2.2.1/lib/ruby/gems/2.2.0/gems/web-console-2.3.0/lib/web_console/templates/_inner_console_markup.html.erb within layouts/inlined_string (0.3ms)
  Rendered /Users/spencer/.rbenv/versions/2.2.1/lib/ruby/gems/2.2.0/gems/web-console-2.3.0/lib/web_console/templates/_prompt_box_markup.html.erb within layouts/inlined_string (0.2ms)
  Rendered /Users/spencer/.rbenv/versions/2.2.1/lib/ruby/gems/2.2.0/gems/web-console-2.3.0/lib/web_console/templates/style.css.erb within layouts/inlined_string (0.4ms)
  Rendered /Users/spencer/.rbenv/versions/2.2.1/lib/ruby/gems/2.2.0/gems/web-console-2.3.0/lib/web_console/templates/console.js.erb within layouts/javascript (48.9ms)
  Rendered /Users/spencer/.rbenv/versions/2.2.1/lib/ruby/gems/2.2.0/gems/web-console-2.3.0/lib/web_console/templates/main.js.erb within layouts/javascript (0.4ms)
  Rendered /Users/spencer/.rbenv/versions/2.2.1/lib/ruby/gems/2.2.0/gems/web-console-2.3.0/lib/web_console/templates/error_page.js.erb within layouts/javascript (0.3ms)
  Rendered /Users/spencer/.rbenv/versions/2.2.1/lib/ruby/gems/2.2.0/gems/web-console-2.3.0/lib/web_console/templates/index.html.erb (115.4ms)


Started GET "/explore" for ::1 at 2016-03-25 16:22:01 -0400

ActionController::RoutingError (No route matches [GET] "/explore"):
  actionpack (4.2.6) lib/action_dispatch/middleware/debug_exceptions.rb:21:in `call'
  web-console (2.3.0) lib/web_console/middleware.rb:28:in `block in call'
  web-console (2.3.0) lib/web_console/middleware.rb:18:in `catch'
  web-console (2.3.0) lib/web_console/middleware.rb:18:in `call'
  actionpack (4.2.6) lib/action_dispatch/middleware/show_exceptions.rb:30:in `call'
  railties (4.2.6) lib/rails/rack/logger.rb:38:in `call_app'
  railties (4.2.6) lib/rails/rack/logger.rb:20:in `block in call'
  activesupport (4.2.6) lib/active_support/tagged_logging.rb:68:in `block in tagged'
  activesupport (4.2.6) lib/active_support/tagged_logging.rb:26:in `tagged'
  activesupport (4.2.6) lib/active_support/tagged_logging.rb:68:in `tagged'
  railties (4.2.6) lib/rails/rack/logger.rb:20:in `call'
  actionpack (4.2.6) lib/action_dispatch/middleware/request_id.rb:21:in `call'
  rack (1.6.4) lib/rack/methodoverride.rb:22:in `call'
  rack (1.6.4) lib/rack/runtime.rb:18:in `call'
  activesupport (4.2.6) lib/active_support/cache/strategy/local_cache_middleware.rb:28:in `call'
  rack (1.6.4) lib/rack/lock.rb:17:in `call'
  actionpack (4.2.6) lib/action_dispatch/middleware/static.rb:120:in `call'
  rack (1.6.4) lib/rack/sendfile.rb:113:in `call'
  railties (4.2.6) lib/rails/engine.rb:518:in `call'
  railties (4.2.6) lib/rails/application.rb:165:in `call'
  rack (1.6.4) lib/rack/lock.rb:17:in `call'
  rack (1.6.4) lib/rack/content_length.rb:15:in `call'
  rack (1.6.4) lib/rack/handler/webrick.rb:88:in `service'
  /Users/spencer/.rbenv/versions/2.2.1/lib/ruby/2.2.0/webrick/httpserver.rb:138:in `service'
  /Users/spencer/.rbenv/versions/2.2.1/lib/ruby/2.2.0/webrick/httpserver.rb:94:in `run'
  /Users/spencer/.rbenv/versions/2.2.1/lib/ruby/2.2.0/webrick/server.rb:294:in `block in start_thread'


  Rendered /Users/spencer/.rbenv/versions/2.2.1/lib/ruby/gems/2.2.0/gems/actionpack-4.2.6/lib/action_dispatch/middleware/templates/rescues/_trace.html.erb (2.8ms)
  Rendered /Users/spencer/.rbenv/versions/2.2.1/lib/ruby/gems/2.2.0/gems/actionpack-4.2.6/lib/action_dispatch/middleware/templates/routes/_route.html.erb (2.3ms)
  Rendered /Users/spencer/.rbenv/versions/2.2.1/lib/ruby/gems/2.2.0/gems/actionpack-4.2.6/lib/action_dispatch/middleware/templates/routes/_table.html.erb (2.1ms)
  Rendered /Users/spencer/.rbenv/versions/2.2.1/lib/ruby/gems/2.2.0/gems/actionpack-4.2.6/lib/action_dispatch/middleware/templates/rescues/_request_and_response.html.erb (2.1ms)
  Rendered /Users/spencer/.rbenv/versions/2.2.1/lib/ruby/gems/2.2.0/gems/actionpack-4.2.6/lib/action_dispatch/middleware/templates/rescues/routing_error.html.erb within rescues/layout (79.1ms)
  Rendered /Users/spencer/.rbenv/versions/2.2.1/lib/ruby/gems/2.2.0/gems/web-console-2.3.0/lib/web_console/templates/_markup.html.erb (0.5ms)
  Rendered /Users/spencer/.rbenv/versions/2.2.1/lib/ruby/gems/2.2.0/gems/web-console-2.3.0/lib/web_console/templates/_inner_console_markup.html.erb within layouts/inlined_string (0.3ms)
  Rendered /Users/spencer/.rbenv/versions/2.2.1/lib/ruby/gems/2.2.0/gems/web-console-2.3.0/lib/web_console/templates/_prompt_box_markup.html.erb within layouts/inlined_string (0.3ms)
  Rendered /Users/spencer/.rbenv/versions/2.2.1/lib/ruby/gems/2.2.0/gems/web-console-2.3.0/lib/web_console/templates/style.css.erb within layouts/inlined_string (0.3ms)
  Rendered /Users/spencer/.rbenv/versions/2.2.1/lib/ruby/gems/2.2.0/gems/web-console-2.3.0/lib/web_console/templates/console.js.erb within layouts/javascript (55.1ms)
  Rendered /Users/spencer/.rbenv/versions/2.2.1/lib/ruby/gems/2.2.0/gems/web-console-2.3.0/lib/web_console/templates/main.js.erb within layouts/javascript (0.5ms)
  Rendered /Users/spencer/.rbenv/versions/2.2.1/lib/ruby/gems/2.2.0/gems/web-console-2.3.0/lib/web_console/templates/error_page.js.erb within layouts/javascript (0.7ms)
  Rendered /Users/spencer/.rbenv/versions/2.2.1/lib/ruby/gems/2.2.0/gems/web-console-2.3.0/lib/web_console/templates/index.html.erb (116.3ms)


Started GET "/explore" for ::1 at 2016-03-25 16:22:06 -0400

ActionController::RoutingError (No route matches [GET] "/explore"):
  actionpack (4.2.6) lib/action_dispatch/middleware/debug_exceptions.rb:21:in `call'
  web-console (2.3.0) lib/web_console/middleware.rb:28:in `block in call'
  web-console (2.3.0) lib/web_console/middleware.rb:18:in `catch'
  web-console (2.3.0) lib/web_console/middleware.rb:18:in `call'
  actionpack (4.2.6) lib/action_dispatch/middleware/show_exceptions.rb:30:in `call'
  railties (4.2.6) lib/rails/rack/logger.rb:38:in `call_app'
  railties (4.2.6) lib/rails/rack/logger.rb:20:in `block in call'
  activesupport (4.2.6) lib/active_support/tagged_logging.rb:68:in `block in tagged'
  activesupport (4.2.6) lib/active_support/tagged_logging.rb:26:in `tagged'
  activesupport (4.2.6) lib/active_support/tagged_logging.rb:68:in `tagged'
  railties (4.2.6) lib/rails/rack/logger.rb:20:in `call'
  actionpack (4.2.6) lib/action_dispatch/middleware/request_id.rb:21:in `call'
  rack (1.6.4) lib/rack/methodoverride.rb:22:in `call'
  rack (1.6.4) lib/rack/runtime.rb:18:in `call'
  activesupport (4.2.6) lib/active_support/cache/strategy/local_cache_middleware.rb:28:in `call'
  rack (1.6.4) lib/rack/lock.rb:17:in `call'
  actionpack (4.2.6) lib/action_dispatch/middleware/static.rb:120:in `call'
  rack (1.6.4) lib/rack/sendfile.rb:113:in `call'
  railties (4.2.6) lib/rails/engine.rb:518:in `call'
  railties (4.2.6) lib/rails/application.rb:165:in `call'
  rack (1.6.4) lib/rack/lock.rb:17:in `call'
  rack (1.6.4) lib/rack/content_length.rb:15:in `call'
  rack (1.6.4) lib/rack/handler/webrick.rb:88:in `service'
  /Users/spencer/.rbenv/versions/2.2.1/lib/ruby/2.2.0/webrick/httpserver.rb:138:in `service'
  /Users/spencer/.rbenv/versions/2.2.1/lib/ruby/2.2.0/webrick/httpserver.rb:94:in `run'
  /Users/spencer/.rbenv/versions/2.2.1/lib/ruby/2.2.0/webrick/server.rb:294:in `block in start_thread'


  Rendered /Users/spencer/.rbenv/versions/2.2.1/lib/ruby/gems/2.2.0/gems/actionpack-4.2.6/lib/action_dispatch/middleware/templates/rescues/_trace.html.erb (3.5ms)
  Rendered /Users/spencer/.rbenv/versions/2.2.1/lib/ruby/gems/2.2.0/gems/actionpack-4.2.6/lib/action_dispatch/middleware/templates/routes/_route.html.erb (1.0ms)
  Rendered /Users/spencer/.rbenv/versions/2.2.1/lib/ruby/gems/2.2.0/gems/actionpack-4.2.6/lib/action_dispatch/middleware/templates/routes/_table.html.erb (1.1ms)
  Rendered /Users/spencer/.rbenv/versions/2.2.1/lib/ruby/gems/2.2.0/gems/actionpack-4.2.6/lib/action_dispatch/middleware/templates/rescues/_request_and_response.html.erb (1.2ms)
  Rendered /Users/spencer/.rbenv/versions/2.2.1/lib/ruby/gems/2.2.0/gems/actionpack-4.2.6/lib/action_dispatch/middleware/templates/rescues/routing_error.html.erb within rescues/layout (75.6ms)
  Rendered /Users/spencer/.rbenv/versions/2.2.1/lib/ruby/gems/2.2.0/gems/web-console-2.3.0/lib/web_console/templates/_markup.html.erb (0.3ms)
  Rendered /Users/spencer/.rbenv/versions/2.2.1/lib/ruby/gems/2.2.0/gems/web-console-2.3.0/lib/web_console/templates/_inner_console_markup.html.erb within layouts/inlined_string (0.4ms)
  Rendered /Users/spencer/.rbenv/versions/2.2.1/lib/ruby/gems/2.2.0/gems/web-console-2.3.0/lib/web_console/templates/_prompt_box_markup.html.erb within layouts/inlined_string (0.3ms)
  Rendered /Users/spencer/.rbenv/versions/2.2.1/lib/ruby/gems/2.2.0/gems/web-console-2.3.0/lib/web_console/templates/style.css.erb within layouts/inlined_string (0.3ms)
  Rendered /Users/spencer/.rbenv/versions/2.2.1/lib/ruby/gems/2.2.0/gems/web-console-2.3.0/lib/web_console/templates/console.js.erb within layouts/javascript (47.3ms)
  Rendered /Users/spencer/.rbenv/versions/2.2.1/lib/ruby/gems/2.2.0/gems/web-console-2.3.0/lib/web_console/templates/main.js.erb within layouts/javascript (0.2ms)
  Rendered /Users/spencer/.rbenv/versions/2.2.1/lib/ruby/gems/2.2.0/gems/web-console-2.3.0/lib/web_console/templates/error_page.js.erb within layouts/javascript (0.3ms)
  Rendered /Users/spencer/.rbenv/versions/2.2.1/lib/ruby/gems/2.2.0/gems/web-console-2.3.0/lib/web_console/templates/index.html.erb (108.1ms)


Started GET "/explore" for ::1 at 2016-03-25 16:22:08 -0400

ActionController::RoutingError (No route matches [GET] "/explore"):
  actionpack (4.2.6) lib/action_dispatch/middleware/debug_exceptions.rb:21:in `call'
  web-console (2.3.0) lib/web_console/middleware.rb:28:in `block in call'
  web-console (2.3.0) lib/web_console/middleware.rb:18:in `catch'
  web-console (2.3.0) lib/web_console/middleware.rb:18:in `call'
  actionpack (4.2.6) lib/action_dispatch/middleware/show_exceptions.rb:30:in `call'
  railties (4.2.6) lib/rails/rack/logger.rb:38:in `call_app'
  railties (4.2.6) lib/rails/rack/logger.rb:20:in `block in call'
  activesupport (4.2.6) lib/active_support/tagged_logging.rb:68:in `block in tagged'
  activesupport (4.2.6) lib/active_support/tagged_logging.rb:26:in `tagged'
  activesupport (4.2.6) lib/active_support/tagged_logging.rb:68:in `tagged'
  railties (4.2.6) lib/rails/rack/logger.rb:20:in `call'
  actionpack (4.2.6) lib/action_dispatch/middleware/request_id.rb:21:in `call'
  rack (1.6.4) lib/rack/methodoverride.rb:22:in `call'
  rack (1.6.4) lib/rack/runtime.rb:18:in `call'
  activesupport (4.2.6) lib/active_support/cache/strategy/local_cache_middleware.rb:28:in `call'
  rack (1.6.4) lib/rack/lock.rb:17:in `call'
  actionpack (4.2.6) lib/action_dispatch/middleware/static.rb:120:in `call'
  rack (1.6.4) lib/rack/sendfile.rb:113:in `call'
  railties (4.2.6) lib/rails/engine.rb:518:in `call'
  railties (4.2.6) lib/rails/application.rb:165:in `call'
  rack (1.6.4) lib/rack/lock.rb:17:in `call'
  rack (1.6.4) lib/rack/content_length.rb:15:in `call'
  rack (1.6.4) lib/rack/handler/webrick.rb:88:in `service'
  /Users/spencer/.rbenv/versions/2.2.1/lib/ruby/2.2.0/webrick/httpserver.rb:138:in `service'
  /Users/spencer/.rbenv/versions/2.2.1/lib/ruby/2.2.0/webrick/httpserver.rb:94:in `run'
  /Users/spencer/.rbenv/versions/2.2.1/lib/ruby/2.2.0/webrick/server.rb:294:in `block in start_thread'


  Rendered /Users/spencer/.rbenv/versions/2.2.1/lib/ruby/gems/2.2.0/gems/actionpack-4.2.6/lib/action_dispatch/middleware/templates/rescues/_trace.html.erb (0.9ms)
  Rendered /Users/spencer/.rbenv/versions/2.2.1/lib/ruby/gems/2.2.0/gems/actionpack-4.2.6/lib/action_dispatch/middleware/templates/routes/_route.html.erb (0.7ms)
  Rendered /Users/spencer/.rbenv/versions/2.2.1/lib/ruby/gems/2.2.0/gems/actionpack-4.2.6/lib/action_dispatch/middleware/templates/routes/_table.html.erb (1.3ms)
  Rendered /Users/spencer/.rbenv/versions/2.2.1/lib/ruby/gems/2.2.0/gems/actionpack-4.2.6/lib/action_dispatch/middleware/templates/rescues/_request_and_response.html.erb (0.9ms)
  Rendered /Users/spencer/.rbenv/versions/2.2.1/lib/ruby/gems/2.2.0/gems/actionpack-4.2.6/lib/action_dispatch/middleware/templates/rescues/routing_error.html.erb within rescues/layout (63.7ms)
  Rendered /Users/spencer/.rbenv/versions/2.2.1/lib/ruby/gems/2.2.0/gems/web-console-2.3.0/lib/web_console/templates/_markup.html.erb (0.2ms)
  Rendered /Users/spencer/.rbenv/versions/2.2.1/lib/ruby/gems/2.2.0/gems/web-console-2.3.0/lib/web_console/templates/_inner_console_markup.html.erb within layouts/inlined_string (0.3ms)
  Rendered /Users/spencer/.rbenv/versions/2.2.1/lib/ruby/gems/2.2.0/gems/web-console-2.3.0/lib/web_console/templates/_prompt_box_markup.html.erb within layouts/inlined_string (0.2ms)
  Rendered /Users/spencer/.rbenv/versions/2.2.1/lib/ruby/gems/2.2.0/gems/web-console-2.3.0/lib/web_console/templates/style.css.erb within layouts/inlined_string (0.5ms)
  Rendered /Users/spencer/.rbenv/versions/2.2.1/lib/ruby/gems/2.2.0/gems/web-console-2.3.0/lib/web_console/templates/console.js.erb within layouts/javascript (53.3ms)
  Rendered /Users/spencer/.rbenv/versions/2.2.1/lib/ruby/gems/2.2.0/gems/web-console-2.3.0/lib/web_console/templates/main.js.erb within layouts/javascript (0.2ms)
  Rendered /Users/spencer/.rbenv/versions/2.2.1/lib/ruby/gems/2.2.0/gems/web-console-2.3.0/lib/web_console/templates/error_page.js.erb within layouts/javascript (0.3ms)
  Rendered /Users/spencer/.rbenv/versions/2.2.1/lib/ruby/gems/2.2.0/gems/web-console-2.3.0/lib/web_console/templates/index.html.erb (113.7ms)


Started GET "/pages/explore" for ::1 at 2016-03-25 16:22:13 -0400
Processing by PagesController#explore as HTML
  Rendered pages/explore.html.erb within layouts/application (0.4ms)
Completed 200 OK in 18ms (Views: 17.0ms | ActiveRecord: 0.0ms)


Started GET "/pages/explore" for ::1 at 2016-03-25 16:23:14 -0400

ActionController::RoutingError (No route matches [GET] "/pages/explore"):
  actionpack (4.2.6) lib/action_dispatch/middleware/debug_exceptions.rb:21:in `call'
  web-console (2.3.0) lib/web_console/middleware.rb:28:in `block in call'
  web-console (2.3.0) lib/web_console/middleware.rb:18:in `catch'
  web-console (2.3.0) lib/web_console/middleware.rb:18:in `call'
  actionpack (4.2.6) lib/action_dispatch/middleware/show_exceptions.rb:30:in `call'
  railties (4.2.6) lib/rails/rack/logger.rb:38:in `call_app'
  railties (4.2.6) lib/rails/rack/logger.rb:20:in `block in call'
  activesupport (4.2.6) lib/active_support/tagged_logging.rb:68:in `block in tagged'
  activesupport (4.2.6) lib/active_support/tagged_logging.rb:26:in `tagged'
  activesupport (4.2.6) lib/active_support/tagged_logging.rb:68:in `tagged'
  railties (4.2.6) lib/rails/rack/logger.rb:20:in `call'
  actionpack (4.2.6) lib/action_dispatch/middleware/request_id.rb:21:in `call'
  rack (1.6.4) lib/rack/methodoverride.rb:22:in `call'
  rack (1.6.4) lib/rack/runtime.rb:18:in `call'
  activesupport (4.2.6) lib/active_support/cache/strategy/local_cache_middleware.rb:28:in `call'
  rack (1.6.4) lib/rack/lock.rb:17:in `call'
  actionpack (4.2.6) lib/action_dispatch/middleware/static.rb:120:in `call'
  rack (1.6.4) lib/rack/sendfile.rb:113:in `call'
  railties (4.2.6) lib/rails/engine.rb:518:in `call'
  railties (4.2.6) lib/rails/application.rb:165:in `call'
  rack (1.6.4) lib/rack/lock.rb:17:in `call'
  rack (1.6.4) lib/rack/content_length.rb:15:in `call'
  rack (1.6.4) lib/rack/handler/webrick.rb:88:in `service'
  /Users/spencer/.rbenv/versions/2.2.1/lib/ruby/2.2.0/webrick/httpserver.rb:138:in `service'
  /Users/spencer/.rbenv/versions/2.2.1/lib/ruby/2.2.0/webrick/httpserver.rb:94:in `run'
  /Users/spencer/.rbenv/versions/2.2.1/lib/ruby/2.2.0/webrick/server.rb:294:in `block in start_thread'


  Rendered /Users/spencer/.rbenv/versions/2.2.1/lib/ruby/gems/2.2.0/gems/actionpack-4.2.6/lib/action_dispatch/middleware/templates/rescues/_trace.html.erb (1.3ms)
  Rendered /Users/spencer/.rbenv/versions/2.2.1/lib/ruby/gems/2.2.0/gems/actionpack-4.2.6/lib/action_dispatch/middleware/templates/routes/_route.html.erb (1.0ms)
  Rendered /Users/spencer/.rbenv/versions/2.2.1/lib/ruby/gems/2.2.0/gems/actionpack-4.2.6/lib/action_dispatch/middleware/templates/routes/_table.html.erb (1.0ms)
  Rendered /Users/spencer/.rbenv/versions/2.2.1/lib/ruby/gems/2.2.0/gems/actionpack-4.2.6/lib/action_dispatch/middleware/templates/rescues/_request_and_response.html.erb (1.2ms)
  Rendered /Users/spencer/.rbenv/versions/2.2.1/lib/ruby/gems/2.2.0/gems/actionpack-4.2.6/lib/action_dispatch/middleware/templates/rescues/routing_error.html.erb within rescues/layout (82.8ms)
  Rendered /Users/spencer/.rbenv/versions/2.2.1/lib/ruby/gems/2.2.0/gems/web-console-2.3.0/lib/web_console/templates/_markup.html.erb (0.3ms)
  Rendered /Users/spencer/.rbenv/versions/2.2.1/lib/ruby/gems/2.2.0/gems/web-console-2.3.0/lib/web_console/templates/_inner_console_markup.html.erb within layouts/inlined_string (0.3ms)
  Rendered /Users/spencer/.rbenv/versions/2.2.1/lib/ruby/gems/2.2.0/gems/web-console-2.3.0/lib/web_console/templates/_prompt_box_markup.html.erb within layouts/inlined_string (0.4ms)
  Rendered /Users/spencer/.rbenv/versions/2.2.1/lib/ruby/gems/2.2.0/gems/web-console-2.3.0/lib/web_console/templates/style.css.erb within layouts/inlined_string (0.4ms)
  Rendered /Users/spencer/.rbenv/versions/2.2.1/lib/ruby/gems/2.2.0/gems/web-console-2.3.0/lib/web_console/templates/console.js.erb within layouts/javascript (48.6ms)
  Rendered /Users/spencer/.rbenv/versions/2.2.1/lib/ruby/gems/2.2.0/gems/web-console-2.3.0/lib/web_console/templates/main.js.erb within layouts/javascript (0.3ms)
  Rendered /Users/spencer/.rbenv/versions/2.2.1/lib/ruby/gems/2.2.0/gems/web-console-2.3.0/lib/web_console/templates/error_page.js.erb within layouts/javascript (0.4ms)
  Rendered /Users/spencer/.rbenv/versions/2.2.1/lib/ruby/gems/2.2.0/gems/web-console-2.3.0/lib/web_console/templates/index.html.erb (111.1ms)


Started GET "/explore" for ::1 at 2016-03-25 16:23:17 -0400
Processing by PagesController#explore as HTML
  Rendered pages/explore.html.erb within layouts/application (0.0ms)
Completed 200 OK in 13ms (Views: 12.7ms | ActiveRecord: 0.0ms)
